<?xml version="1.0" encoding="UTF-8"?>
<testng-results skipped="0" failed="0" ignored="0" total="1" passed="1">
  <reporter-output>
  </reporter-output>
  <suite name="Default suite" duration-ms="4035" started-at="2019-09-17T16:14:59Z" finished-at="2019-09-17T16:15:03Z">
    <groups>
    </groups>
    <test name="Default test" duration-ms="4035" started-at="2019-09-17T16:14:59Z" finished-at="2019-09-17T16:15:03Z">
      <class name="com.qa.test.GetAPITest">
        <test-method status="PASS" signature="setUp()[pri:0, instance:com.qa.test.GetAPITest@343f4d3d]" name="setUp" is-config="true" duration-ms="9" started-at="2019-09-17T16:14:59Z" finished-at="2019-09-17T16:14:59Z">
          <reporter-output>
          </reporter-output>
        </test-method> <!-- setUp -->
        <test-method status="PASS" signature="getTest()[pri:0, instance:com.qa.test.GetAPITest@343f4d3d]" name="getTest" duration-ms="3982" started-at="2019-09-17T16:14:59Z" finished-at="2019-09-17T16:15:03Z">
          <reporter-output>
          </reporter-output>
        </test-method> <!-- getTest -->
      </class> <!-- com.qa.test.GetAPITest -->
    </test> <!-- Default test -->
  </suite> <!-- Default suite -->
</testng-results>
